{"/Users/sj/Documents/project/poc/pocrickmorty/src/screen/LoginScreen.js": {"path":"/Users/sj/Documents/project/poc/pocrickmorty/src/screen/LoginScreen.js","statementMap":{"0":{"start":{"line":4,"column":2},"end":{"line":8,"column":4}}},"fnMap":{"0":{"name":"LoginScreen","decl":{"start":{"line":3,"column":24},"end":{"line":3,"column":35}},"loc":{"start":{"line":3,"column":38},"end":{"line":9,"column":1}},"line":3}},"branchMap":{},"s":{"0":1},"f":{"0":1},"b":{},"_coverageSchema":"1a1c01bbd47fc00a2c39e90264f33305004495a9","hash":"605463e7a3d7c3bf2632a0c9610be7835f25b5f2"}
}
